<?xml version="1.0" encoding="UTF-8"?>
<testsuite xmlns:xsi="http://www.w3.org/2001/XMLSchema-instance" xsi:noNamespaceSchemaLocation="https://maven.apache.org/surefire/maven-surefire-plugin/xsd/surefire-test-report.xsd" name="com.examples.scart.service.ProductServiceTest" time="0.03" tests="6" errors="0" skipped="0" failures="0">
  <properties>
[...]
</properties>
  <testcase name="shouldDeleteProductWhenPassingValidProductId" classname="com.examples.scart.service.ProductServiceTest" time="0.012"/>
  <testcase name="shouldShowErrorWhenNotPassingMandatoryDetails" classname="com.examples.scart.service.ProductServiceTest" time="0"/>
  <testcase name="shouldCreateProductWhenPassingMandatoryDetails" classname="com.examples.scart.service.ProductServiceTest" time="0.001"/>
  <testcase name="shouldUpdateProductForGivenProductId" classname="com.examples.scart.service.ProductServiceTest" time="0"/>
  <testcase name="shouldReturnAllProductsWhenDontSpecifyProductId" classname="com.examples.scart.service.ProductServiceTest" time="0.001"/>
  <testcase name="shouldReturnProductForGivenProductId" classname="com.examples.scart.service.ProductServiceTest" time="0.001"/>
</testsuite>